Using pre-set license
Built from '2022.3/staging' branch; Version is '2022.3.15f1 (b58023a2b463) revision 11894819'; Using compiler version '192829333'; Build Type 'Release'
OS: 'Windows 11  (10.0.26100) 64bit Enterprise' Language: 'en' Physical Memory: 32452 MB
BatchMode: 1, IsHumanControllingUs: 0, StartBugReporterOnCrash: 0, Is64bit: 1, IsPro: 1

COMMAND LINE ARGUMENTS:
C:\Program Files\Unity\Hub\Editor\2022.3.15f1\Editor\Unity.exe
-adb2
-batchMode
-noUpm
-name
AssetImportWorker2
-projectPath
C:/Users/su-jjd95/Downloads/Unity Projects/Immersive-Projection-Room
-logFile
Logs/AssetImportWorker2.log
-srvPort
57233
Successfully changed project path to: C:/Users/su-jjd95/Downloads/Unity Projects/Immersive-Projection-Room
C:/Users/su-jjd95/Downloads/Unity Projects/Immersive-Projection-Room
[UnityMemory] Configuration Parameters - Can be set up in boot.config
    "memorysetup-bucket-allocator-granularity=16"
    "memorysetup-bucket-allocator-bucket-count=8"
    "memorysetup-bucket-allocator-block-size=33554432"
    "memorysetup-bucket-allocator-block-count=8"
    "memorysetup-main-allocator-block-size=16777216"
    "memorysetup-thread-allocator-block-size=16777216"
    "memorysetup-gfx-main-allocator-block-size=16777216"
    "memorysetup-gfx-thread-allocator-block-size=16777216"
    "memorysetup-cache-allocator-block-size=4194304"
    "memorysetup-typetree-allocator-block-size=2097152"
    "memorysetup-profiler-bucket-allocator-granularity=16"
    "memorysetup-profiler-bucket-allocator-bucket-count=8"
    "memorysetup-profiler-bucket-allocator-block-size=33554432"
    "memorysetup-profiler-bucket-allocator-block-count=8"
    "memorysetup-profiler-allocator-block-size=16777216"
    "memorysetup-profiler-editor-allocator-block-size=1048576"
    "memorysetup-temp-allocator-size-main=16777216"
    "memorysetup-job-temp-allocator-block-size=2097152"
    "memorysetup-job-temp-allocator-block-size-background=1048576"
    "memorysetup-job-temp-allocator-reduction-small-platforms=262144"
    "memorysetup-allocator-temp-initial-block-size-main=262144"
    "memorysetup-allocator-temp-initial-block-size-worker=262144"
    "memorysetup-temp-allocator-size-background-worker=32768"
    "memorysetup-temp-allocator-size-job-worker=262144"
    "memorysetup-temp-allocator-size-preload-manager=33554432"
    "memorysetup-temp-allocator-size-nav-mesh-worker=65536"
    "memorysetup-temp-allocator-size-audio-worker=65536"
    "memorysetup-temp-allocator-size-cloud-worker=32768"
    "memorysetup-temp-allocator-size-gi-baking-worker=262144"
    "memorysetup-temp-allocator-size-gfx=262144"
Player connection [22756] Host "[IP] 10.220.29.4 [Port] 0 [Flags] 2 [Guid] 2630526310 [EditorId] 2630526310 [Version] 1048832 [Id] WindowsEditor(7,tag229401) [Debug] 1 [PackageName] WindowsEditor [ProjectName] Editor" joined multi-casting on [225.0.0.222:54997]...

Player connection [22756] Host "[IP] 10.220.29.4 [Port] 0 [Flags] 2 [Guid] 2630526310 [EditorId] 2630526310 [Version] 1048832 [Id] WindowsEditor(7,tag229401) [Debug] 1 [PackageName] WindowsEditor [ProjectName] Editor" joined alternative multi-casting on [225.0.0.222:34997]...

[Physics::Module] Initialized MultithreadedJobDispatcher with 23 workers.
Refreshing native plugins compatible for Editor in 7.61 ms, found 5 plugins.
Preloading 0 native plugins for Editor in 0.00 ms.
Initialize engine version: 2022.3.15f1 (b58023a2b463)
[Subsystems] Discovering subsystems at path C:/Program Files/Unity/Hub/Editor/2022.3.15f1/Editor/Data/Resources/UnitySubsystems
[Subsystems] Discovering subsystems at path C:/Users/su-jjd95/Downloads/Unity Projects/Immersive-Projection-Room/Assets
GfxDevice: creating device client; threaded=0; jobified=0
Direct3D:
    Version:  Direct3D 11.0 [level 11.1]
    Renderer: NVIDIA GeForce RTX 3080 Ti Laptop GPU (ID=0x2420)
    Vendor:   NVIDIA
    VRAM:     16175 MB
    Driver:   32.0.15.7276
Initialize mono
Mono path[0] = 'C:/Program Files/Unity/Hub/Editor/2022.3.15f1/Editor/Data/Managed'
Mono path[1] = 'C:/Program Files/Unity/Hub/Editor/2022.3.15f1/Editor/Data/MonoBleedingEdge/lib/mono/unityjit-win32'
Mono config path = 'C:/Program Files/Unity/Hub/Editor/2022.3.15f1/Editor/Data/MonoBleedingEdge/etc'
Using monoOptions --debugger-agent=transport=dt_socket,embedding=1,server=y,suspend=n,address=127.0.0.1:56256
Begin MonoManager ReloadAssembly
Registering precompiled unity dll's ...
Register platform support module: C:/Program Files/Unity/Hub/Editor/2022.3.15f1/Editor/Data/PlaybackEngines/AndroidPlayer/UnityEditor.Android.Extensions.dll
Register platform support module: C:/Program Files/Unity/Hub/Editor/2022.3.15f1/Editor/Data/PlaybackEngines/WindowsStandaloneSupport/UnityEditor.WindowsStandalone.Extensions.dll
Registered in 0.004205 seconds.
- Loaded All Assemblies, in  0.317 seconds
Native extension for WindowsStandalone target not found
Native extension for Android target not found
Android Extension - Scanning For ADB Devices 1248 ms
Mono: successfully reloaded assembly
- Finished resetting the current domain, in  1.563 seconds
Domain Reload Profiling: 1879ms
	BeginReloadAssembly (111ms)
		ExecutionOrderSort (0ms)
		DisableScriptedObjects (0ms)
		BackupInstance (0ms)
		ReleaseScriptingObjects (0ms)
		CreateAndSetChildDomain (1ms)
	RebuildCommonClasses (28ms)
	RebuildNativeTypeToScriptingClass (8ms)
	initialDomainReloadingComplete (44ms)
	LoadAllAssembliesAndSetupDomain (125ms)
		LoadAssemblies (109ms)
		RebuildTransferFunctionScriptingTraits (0ms)
		AnalyzeDomain (123ms)
			TypeCache.Refresh (121ms)
				TypeCache.ScanAssembly (109ms)
			ScanForSourceGeneratedMonoScriptInfo (0ms)
			ResolveRequiredComponents (0ms)
	FinalizeReload (1563ms)
		ReleaseScriptCaches (0ms)
		RebuildScriptCaches (0ms)
		SetupLoadedEditorAssemblies (1505ms)
			LogAssemblyErrors (0ms)
			InitializePlatformSupportModulesInManaged (1370ms)
			SetLoadedEditorAssemblies (3ms)
			RefreshPlugins (0ms)
			BeforeProcessingInitializeOnLoad (2ms)
			ProcessInitializeOnLoadAttributes (95ms)
			ProcessInitializeOnLoadMethodAttributes (35ms)
			AfterProcessingInitializeOnLoad (0ms)
			EditorAssembliesLoaded (0ms)
		ExecutionOrderSort2 (0ms)
		AwakeInstancesAfterBackupRestoration (0ms)
========================================================================
Worker process is ready to serve import requests
Begin MonoManager ReloadAssembly
- Loaded All Assemblies, in  0.532 seconds
Refreshing native plugins compatible for Editor in 2.26 ms, found 5 plugins.
Native extension for WindowsStandalone target not found
Native extension for Android target not found
Mono: successfully reloaded assembly
- Finished resetting the current domain, in  0.498 seconds
Domain Reload Profiling: 1028ms
	BeginReloadAssembly (118ms)
		ExecutionOrderSort (0ms)
		DisableScriptedObjects (4ms)
		BackupInstance (0ms)
		ReleaseScriptingObjects (0ms)
		CreateAndSetChildDomain (18ms)
	RebuildCommonClasses (28ms)
	RebuildNativeTypeToScriptingClass (8ms)
	initialDomainReloadingComplete (35ms)
	LoadAllAssembliesAndSetupDomain (341ms)
		LoadAssemblies (257ms)
		RebuildTransferFunctionScriptingTraits (0ms)
		AnalyzeDomain (153ms)
			TypeCache.Refresh (136ms)
				TypeCache.ScanAssembly (123ms)
			ScanForSourceGeneratedMonoScriptInfo (11ms)
			ResolveRequiredComponents (3ms)
	FinalizeReload (498ms)
		ReleaseScriptCaches (0ms)
		RebuildScriptCaches (0ms)
		SetupLoadedEditorAssemblies (368ms)
			LogAssemblyErrors (0ms)
			InitializePlatformSupportModulesInManaged (19ms)
			SetLoadedEditorAssemblies (2ms)
			RefreshPlugins (0ms)
			BeforeProcessingInitializeOnLoad (44ms)
			ProcessInitializeOnLoadAttributes (282ms)
			ProcessInitializeOnLoadMethodAttributes (18ms)
			AfterProcessingInitializeOnLoad (4ms)
			EditorAssembliesLoaded (0ms)
		ExecutionOrderSort2 (0ms)
		AwakeInstancesAfterBackupRestoration (6ms)
Launched and connected shader compiler UnityShaderCompiler.exe after 0.05 seconds
Refreshing native plugins compatible for Editor in 3.48 ms, found 5 plugins.
Preloading 0 native plugins for Editor in 0.00 ms.
Unloading 3141 Unused Serialized files (Serialized files now loaded: 0)
Unloading 35 unused Assets / (58.2 KB). Loaded Objects now: 3604.
Memory consumption went from 135.4 MB to 135.4 MB.
Total: 4.445200 ms (FindLiveObjects: 0.601200 ms CreateObjectMapping: 0.180600 ms MarkObjects: 3.528800 ms  DeleteObjects: 0.132800 ms)

AssetImportParameters requested are different than current active one (requested -> active):
  custom:container-demuxer-ogg: 62fdf1f143b41e24485cea50d1cbac27 -> 
  custom:video-codec-MediaFoundation-h265: e54d7ab0439102e2317fc1e4b246158d -> 
  custom:video-decoder-ogg-theora: a1e56fd34408186e4bbccfd4996cb3dc -> 
  custom:framework-win-MediaFoundation: 216162199b28c13a410421893ffa2e32 -> 
  custom:CustomObjectIndexerAttribute: 43b350a4d6e6d1791af0b5038c4bea17 -> 
  custom:container-demuxer-webm: 4f35f7cbe854078d1ac9338744f61a02 -> 
  custom:container-muxer-webm: aa71ff27fc2769a1b78a27578f13a17b -> 
  custom:video-decoder-webm-vp8: 9c59270c3fd7afecdb556c50c9e8de78 -> 
  custom:SearchIndexIgnoredProperties: e643bd26f0fe6173181afceb89e7c659 -> 
  custom:AudioImporter_EditorPlatform: d09bf68614088b80899f8185d706f6e7 -> 
  custom:video-encoder-webm-vp8: eb34c28f22e8b96e1ab97ce403110664 -> 
  custom:audio-decoder-ogg-vorbis: bf7c407c2cedff20999df2af8eb42d56 -> 
  custom:audio-encoder-webm-vorbis: bf7c407c2cedff20999df2af8eb42d56 -> 
========================================================================
Received Import Request.
  Time since last request: 490019.680665 seconds.
  path: Assets/Resources/Hollow cylinder.obj
  artifactKey: Guid(4d332c0b54366d14aa58b1ce27cdfd42) Importer(815301076,1909f56bfc062723c751e8b465ee728b)
Start importing Assets/Resources/Hollow cylinder.obj using Guid(4d332c0b54366d14aa58b1ce27cdfd42) Importer(815301076,1909f56bfc062723c751e8b465ee728b)  -> (artifact id: '80fc81398c5363dd917fb2141957fba6') in 0.330012 seconds
Number of updated asset objects reloaded before import = 0
Number of asset objects unloaded after import = 10
========================================================================
Received Import Request.
  Time since last request: 0.000046 seconds.
  path: Assets/Resources/pngtree-low-poly-unity-background-image_417794.jpg
  artifactKey: Guid(0688b506e54490e4a9b1a4f3f063e51d) Importer(815301076,1909f56bfc062723c751e8b465ee728b)
Start importing Assets/Resources/pngtree-low-poly-unity-background-image_417794.jpg using Guid(0688b506e54490e4a9b1a4f3f063e51d) Importer(815301076,1909f56bfc062723c751e8b465ee728b)  -> (artifact id: 'bf53c90aca9234c5c8026f05e2873335') in 0.033395 seconds
Number of updated asset objects reloaded before import = 0
Number of asset objects unloaded after import = 2
========================================================================
Received Import Request.
  Time since last request: 0.000024 seconds.
  path: Assets/Resources/New Material 1.mat
  artifactKey: Guid(816b6abf6659a054096f4b6e1d6c9bb8) Importer(815301076,1909f56bfc062723c751e8b465ee728b)
Start importing Assets/Resources/New Material 1.mat using Guid(816b6abf6659a054096f4b6e1d6c9bb8) Importer(815301076,1909f56bfc062723c751e8b465ee728b)  -> (artifact id: '6c90f672afe884dbae06a18ffa898343') in 0.040072 seconds
Number of updated asset objects reloaded before import = 0
Number of asset objects unloaded after import = 1
========================================================================
Received Import Request.
  Time since last request: 523.949090 seconds.
  path: Assets/Resources/HollowCylinder.obj
  artifactKey: Guid(d8ede28cf6bf5234fb153b2da0cc47c1) Importer(815301076,1909f56bfc062723c751e8b465ee728b)
Start importing Assets/Resources/HollowCylinder.obj using Guid(d8ede28cf6bf5234fb153b2da0cc47c1) Importer(815301076,1909f56bfc062723c751e8b465ee728b)  -> (artifact id: 'd9179c1e1dd9ba814a6ec930848c40fb') in 0.089014 seconds
Number of updated asset objects reloaded before import = 0
Number of asset objects unloaded after import = 10
========================================================================
Received Import Request.
  Time since last request: 205.730390 seconds.
  path: Assets/Resources/HollowCylinder.fbx
  artifactKey: Guid(da6a060de115a0942b821f039b625cfc) Importer(815301076,1909f56bfc062723c751e8b465ee728b)
Start importing Assets/Resources/HollowCylinder.fbx using Guid(da6a060de115a0942b821f039b625cfc) Importer(815301076,1909f56bfc062723c751e8b465ee728b)  -> (artifact id: 'b44ad59de1fdcf91c72ef1fd20f03166') in 0.119780 seconds
Number of updated asset objects reloaded before import = 0
Number of asset objects unloaded after import = 15
========================================================================
Received Import Request.
  Time since last request: 462.216455 seconds.
  path: Assets/Resources/HollowCylinder.fbx
  artifactKey: Guid(da6a060de115a0942b821f039b625cfc) Importer(815301076,1909f56bfc062723c751e8b465ee728b)
Start importing Assets/Resources/HollowCylinder.fbx using Guid(da6a060de115a0942b821f039b625cfc) Importer(815301076,1909f56bfc062723c751e8b465ee728b)  -> (artifact id: '361b9ba5a090c467b72a463dbbe21526') in 0.036733 seconds
Number of updated asset objects reloaded before import = 0
Number of asset objects unloaded after import = 15
========================================================================
Received Import Request.
  Time since last request: 64.701236 seconds.
  path: Assets/Resources/HollowCylinder.fbx
  artifactKey: Guid(da6a060de115a0942b821f039b625cfc) Importer(815301076,1909f56bfc062723c751e8b465ee728b)
Start importing Assets/Resources/HollowCylinder.fbx using Guid(da6a060de115a0942b821f039b625cfc) Importer(815301076,1909f56bfc062723c751e8b465ee728b)  -> (artifact id: 'cc417395a96f9cbd7c8466f979922782') in 0.025600 seconds
Number of updated asset objects reloaded before import = 0
Number of asset objects unloaded after import = 15
========================================================================
Received Import Request.
  Time since last request: 48.499786 seconds.
  path: Assets/modelQuad.prefab
  artifactKey: Guid(9a9fc30b34df25e4f9a4056db8c685a2) Importer(815301076,1909f56bfc062723c751e8b465ee728b)
Start importing Assets/modelQuad.prefab using Guid(9a9fc30b34df25e4f9a4056db8c685a2) Importer(815301076,1909f56bfc062723c751e8b465ee728b)  -> (artifact id: 'd48d9a8f036a607b26d7621fbbd375cb') in 0.021752 seconds
Number of updated asset objects reloaded before import = 0
Number of asset objects unloaded after import = 8
========================================================================
Received Import Request.
  Time since last request: 1.040668 seconds.
  path: Assets/Scenes
  artifactKey: Guid(81f98b8cdd0950e41a44fbfb79944f34) Importer(815301076,1909f56bfc062723c751e8b465ee728b)
Start importing Assets/Scenes using Guid(81f98b8cdd0950e41a44fbfb79944f34) Importer(815301076,1909f56bfc062723c751e8b465ee728b)  -> (artifact id: '976f21081a69bd1f5250fd53d18943a4') in 0.000672 seconds
Number of updated asset objects reloaded before import = 0
Number of asset objects unloaded after import = 0
========================================================================
Received Import Request.
  Time since last request: 0.090870 seconds.
  path: Assets/Scenes/Cube.prefab
  artifactKey: Guid(9013aec6eb7a84c09b3085a3fedcdbdb) Importer(815301076,1909f56bfc062723c751e8b465ee728b)
Start importing Assets/Scenes/Cube.prefab using Guid(9013aec6eb7a84c09b3085a3fedcdbdb) Importer(815301076,1909f56bfc062723c751e8b465ee728b)  -> (artifact id: '3584bc0728d9f4f994d701f253d73012') in 0.030971 seconds
Number of updated asset objects reloaded before import = 0
Number of asset objects unloaded after import = 7
========================================================================
Received Import Request.
  Time since last request: 1.520068 seconds.
  path: Assets/Scenes/Cylinder.unity
  artifactKey: Guid(3cbd07386a23a5d4a93d3e2115421628) Importer(815301076,1909f56bfc062723c751e8b465ee728b)
Start importing Assets/Scenes/Cylinder.unity using Guid(3cbd07386a23a5d4a93d3e2115421628) Importer(815301076,1909f56bfc062723c751e8b465ee728b)  -> (artifact id: '97fcefb515c57d433e9b167ba6740bcd') in 0.000661 seconds
Number of updated asset objects reloaded before import = 0
Number of asset objects unloaded after import = 0
========================================================================
Received Import Request.
  Time since last request: 668.292279 seconds.
  path: Assets/Resources
  artifactKey: Guid(adc5ad96480884e47a24f5031c6d975d) Importer(815301076,1909f56bfc062723c751e8b465ee728b)
Start importing Assets/Resources using Guid(adc5ad96480884e47a24f5031c6d975d) Importer(815301076,1909f56bfc062723c751e8b465ee728b)  -> (artifact id: 'e3168e1764d92be4fc66c4ceb00226de') in 0.000831 seconds
Number of updated asset objects reloaded before import = 0
Number of asset objects unloaded after import = 0
========================================================================
Received Import Request.
  Time since last request: 210.733445 seconds.
  path: Assets/ShaderConverter/Examples/RenderTextures/BufferB.renderTexture
  artifactKey: Guid(6ff4a5e571bb59c43b8a0c5da9a59aff) Importer(815301076,1909f56bfc062723c751e8b465ee728b)
Start importing Assets/ShaderConverter/Examples/RenderTextures/BufferB.renderTexture using Guid(6ff4a5e571bb59c43b8a0c5da9a59aff) Importer(815301076,1909f56bfc062723c751e8b465ee728b)  -> (artifact id: 'c19e125696b55e145b25a1488b246411') in 0.018451 seconds
Number of updated asset objects reloaded before import = 0
Number of asset objects unloaded after import = 2
========================================================================
Received Import Request.
  Time since last request: 0.000038 seconds.
  path: Assets/ShaderConverter/Examples/RenderTextures/KeyboardInput.renderTexture
  artifactKey: Guid(116aad5e13c301542b9527f330e065a4) Importer(815301076,1909f56bfc062723c751e8b465ee728b)
Start importing Assets/ShaderConverter/Examples/RenderTextures/KeyboardInput.renderTexture using Guid(116aad5e13c301542b9527f330e065a4) Importer(815301076,1909f56bfc062723c751e8b465ee728b)  -> (artifact id: '3656069b0e225d9dc9c1222bb1c7bd58') in 0.016157 seconds
Number of updated asset objects reloaded before import = 0
Number of asset objects unloaded after import = 2
========================================================================
Received Import Request.
  Time since last request: 0.000056 seconds.
  path: Assets/ShaderConverter/Examples/RenderTextures/BufferD.renderTexture
  artifactKey: Guid(1c08e6a450f13054d908070f5f93201d) Importer(815301076,1909f56bfc062723c751e8b465ee728b)
Start importing Assets/ShaderConverter/Examples/RenderTextures/BufferD.renderTexture using Guid(1c08e6a450f13054d908070f5f93201d) Importer(815301076,1909f56bfc062723c751e8b465ee728b)  -> (artifact id: '30febdaebf445db6f0d1494bad2f0cdb') in 0.005021 seconds
Number of updated asset objects reloaded before import = 0
Number of asset objects unloaded after import = 2
========================================================================
Received Import Request.
  Time since last request: 1415.207203 seconds.
  path: Assets/Effects/Projectors/Prefabs/BlobShadowProjector.prefab
  artifactKey: Guid(28a5e79925e3ce04a82856c16a572cbe) Importer(815301076,1909f56bfc062723c751e8b465ee728b)
Start importing Assets/Effects/Projectors/Prefabs/BlobShadowProjector.prefab using Guid(28a5e79925e3ce04a82856c16a572cbe) Importer(815301076,1909f56bfc062723c751e8b465ee728b)  -> (artifact id: 'e3be1bbc7ba7bfadb9395528254175ff') in 0.004072 seconds
Number of updated asset objects reloaded before import = 0
Number of asset objects unloaded after import = 5
========================================================================
Received Import Request.
  Time since last request: 0.000019 seconds.
  path: Assets/Effects/Projectors/Prefabs/GridProjector.prefab
  artifactKey: Guid(46b12845355544642bf8f9d0cb373af7) Importer(815301076,1909f56bfc062723c751e8b465ee728b)
Start importing Assets/Effects/Projectors/Prefabs/GridProjector.prefab using Guid(46b12845355544642bf8f9d0cb373af7) Importer(815301076,1909f56bfc062723c751e8b465ee728b)  -> (artifact id: 'c63c37b5de24eea6d65d752ab96df47e') in 0.001560 seconds
Number of updated asset objects reloaded before import = 0
Number of asset objects unloaded after import = 5
========================================================================
Received Import Request.
  Time since last request: 132.841467 seconds.
  path: Assets/Ultimate 10 Plus Shaders/Materials/Textures/noise2.png
  artifactKey: Guid(fccc6818be225674382d96933708d421) Importer(815301076,1909f56bfc062723c751e8b465ee728b)
Start importing Assets/Ultimate 10 Plus Shaders/Materials/Textures/noise2.png using Guid(fccc6818be225674382d96933708d421) Importer(815301076,1909f56bfc062723c751e8b465ee728b)  -> (artifact id: 'ca0c4ff694c4b41594d29e7667489189') in 0.038690 seconds
Number of updated asset objects reloaded before import = 0
Number of asset objects unloaded after import = 2
========================================================================
Received Import Request.
  Time since last request: 0.000024 seconds.
  path: Assets/Ultimate 10 Plus Shaders/Materials/Textures/rock.png
  artifactKey: Guid(1d557bc533f5684438d25d03042b1025) Importer(815301076,1909f56bfc062723c751e8b465ee728b)
Start importing Assets/Ultimate 10 Plus Shaders/Materials/Textures/rock.png using Guid(1d557bc533f5684438d25d03042b1025) Importer(815301076,1909f56bfc062723c751e8b465ee728b)  -> (artifact id: 'e1e9194c44eaecb075292febe9f98993') in 0.020155 seconds
Number of updated asset objects reloaded before import = 0
Number of asset objects unloaded after import = 2
========================================================================
Received Import Request.
  Time since last request: 0.000047 seconds.
  path: Assets/Ultimate 10 Plus Shaders/Materials/Textures/Rock1.tif
  artifactKey: Guid(d0692a948ca573d4cb0b93ffb1c8a033) Importer(815301076,1909f56bfc062723c751e8b465ee728b)
Start importing Assets/Ultimate 10 Plus Shaders/Materials/Textures/Rock1.tif using Guid(d0692a948ca573d4cb0b93ffb1c8a033) Importer(815301076,1909f56bfc062723c751e8b465ee728b)  -> (artifact id: 'db0c161db1750eff6520f968e0e1a3b2') in 0.015204 seconds
Number of updated asset objects reloaded before import = 0
Number of asset objects unloaded after import = 2
========================================================================
Received Import Request.
  Time since last request: 0.872684 seconds.
  path: Assets/Effects/LightCookies/Textures/LightSquareCookie.psd
  artifactKey: Guid(69680b688d11eb9d30009b3b4241aa39) Importer(815301076,1909f56bfc062723c751e8b465ee728b)
Start importing Assets/Effects/LightCookies/Textures/LightSquareCookie.psd using Guid(69680b688d11eb9d30009b3b4241aa39) Importer(815301076,1909f56bfc062723c751e8b465ee728b)  -> (artifact id: '2e682855c3b03e6ea6cdb70b3c701a6d') in 0.023656 seconds
Number of updated asset objects reloaded before import = 0
Number of asset objects unloaded after import = 2
========================================================================
Received Import Request.
  Time since last request: 0.023981 seconds.
  path: Assets/Effects/LightCookies/Textures/LightHardCookie.psd
  artifactKey: Guid(1167c0a28d11119930004d8a4241aa39) Importer(815301076,1909f56bfc062723c751e8b465ee728b)
Start importing Assets/Effects/LightCookies/Textures/LightHardCookie.psd using Guid(1167c0a28d11119930004d8a4241aa39) Importer(815301076,1909f56bfc062723c751e8b465ee728b)  -> (artifact id: 'f7bf53919fb1c03ffbc4867088f3634d') in 0.017885 seconds
Number of updated asset objects reloaded before import = 0
Number of asset objects unloaded after import = 2
========================================================================
Received Import Request.
  Time since last request: 0.224122 seconds.
  path: Assets/Ultimate 10 Plus Shaders/Materials/Textures/hexagon_grid.png
  artifactKey: Guid(e61a550a7ddc3304fbfe0a01919efe9c) Importer(815301076,1909f56bfc062723c751e8b465ee728b)
Start importing Assets/Ultimate 10 Plus Shaders/Materials/Textures/hexagon_grid.png using Guid(e61a550a7ddc3304fbfe0a01919efe9c) Importer(815301076,1909f56bfc062723c751e8b465ee728b)  -> (artifact id: '226db2919f8bb1887bc2ca67dcba3d08') in 0.048441 seconds
Number of updated asset objects reloaded before import = 0
Number of asset objects unloaded after import = 3
========================================================================
Received Import Request.
  Time since last request: 0.000027 seconds.
  path: Assets/Effects/LightCookies/Textures/FlashlightIrregularCookie.tif
  artifactKey: Guid(641bb2dce818a8a499b537a1963889ac) Importer(815301076,1909f56bfc062723c751e8b465ee728b)
Start importing Assets/Effects/LightCookies/Textures/FlashlightIrregularCookie.tif using Guid(641bb2dce818a8a499b537a1963889ac) Importer(815301076,1909f56bfc062723c751e8b465ee728b)  -> (artifact id: '764f4cff70b9856573d72502dae90a4b') in 0.021164 seconds
Number of updated asset objects reloaded before import = 0
Number of asset objects unloaded after import = 2
